<?xml version="1.0" encoding="utf-8"?><testsuites><testsuite name="pytest" errors="0" failures="3" skipped="0" tests="32" time="0.475" timestamp="2025-09-05T12:11:45.984150" hostname="Mac-mini-de-Camilo.local"><testcase classname="tests.unit.test_basic_functionality" name="test_basic_math" time="0.000" /><testcase classname="tests.unit.test_basic_functionality" name="test_string_operations" time="0.000" /><testcase classname="tests.unit.test_basic_functionality" name="test_list_operations" time="0.000" /><testcase classname="tests.unit.test_basic_functionality" name="test_dictionary_operations" time="0.000" /><testcase classname="tests.unit.test_basic_functionality" name="test_boolean_logic" time="0.000" /><testcase classname="tests.unit.test_basic_functionality" name="test_none_handling" time="0.000" /><testcase classname="tests.unit.test_basic_functionality" name="test_type_checking" time="0.025" /><testcase classname="tests.unit.test_basic_functionality" name="test_exception_handling" time="0.001" /><testcase classname="tests.unit.test_basic_functionality" name="test_file_operations" time="0.004" /><testcase classname="tests.unit.test_basic_functionality" name="test_set_operations" time="0.000" /><testcase classname="tests.unit.test_basic_functionality" name="test_tuple_operations" time="0.000" /><testcase classname="tests.unit.test_basic_functionality" name="test_range_operations" time="0.001" /><testcase classname="tests.unit.test_basic_functionality" name="test_assertion_methods" time="0.000" /><testcase classname="tests.unit.test_basic_functionality" name="test_function_operations" time="0.000" /><testcase classname="tests.unit.test_circuit_breaker.TestCircuitBreaker" name="test_circuit_breaker_creation" time="0.000" /><testcase classname="tests.unit.test_circuit_breaker.TestCircuitBreaker" name="test_circuit_breaker_success_flow" time="0.000" /><testcase classname="tests.unit.test_circuit_breaker.TestCircuitBreaker" name="test_circuit_breaker_failure_flow" time="0.001" /><testcase classname="tests.unit.test_circuit_breaker.TestCircuitBreaker" name="test_circuit_breaker_recovery" time="0.204"><failure message="AssertionError: assert 'open' == 'half_open'&#10;  - half_open&#10;  + open">tests/unit/test_circuit_breaker.py:93: in test_circuit_breaker_recovery
    assert circuit_breaker.state.value == "half_open"
E   AssertionError: assert 'open' == 'half_open'
E     - half_open
E     + open</failure></testcase><testcase classname="tests.unit.test_circuit_breaker.TestCircuitBreaker" name="test_circuit_breaker_success_recovery" time="0.000"><failure message="Failed: DID NOT RAISE &lt;class 'Exception'&gt;">tests/unit/test_circuit_breaker.py:113: in test_circuit_breaker_success_recovery
    sometimes_failing_function()
E   Failed: DID NOT RAISE &lt;class 'Exception'&gt;</failure></testcase><testcase classname="tests.unit.test_circuit_breaker.TestCircuitBreaker" name="test_circuit_breaker_timeout" time="0.102"><failure message="assert 1 == 0&#10; +  where 1 = &lt;app.core.circuit_breaker.CircuitBreaker object at 0x10463ca60&gt;.failure_count">tests/unit/test_circuit_breaker.py:149: in test_circuit_breaker_timeout
    assert circuit_breaker.failure_count == 0
E   assert 1 == 0
E    +  where 1 = &lt;app.core.circuit_breaker.CircuitBreaker object at 0x10463ca60&gt;.failure_count</failure></testcase><testcase classname="tests.unit.test_circuit_breaker.TestCircuitBreaker" name="test_circuit_breaker_metrics" time="0.001" /><testcase classname="tests.unit.test_circuit_breaker.TestCircuitBreaker" name="test_circuit_breaker_manual_control" time="0.001" /><testcase classname="tests.unit.test_circuit_breaker.TestCircuitBreaker" name="test_async_circuit_breaker" time="0.001" /><testcase classname="tests.unit.test_metrics.TestMetrics" name="test_metrics_initialization" time="0.001" /><testcase classname="tests.unit.test_metrics.TestMetrics" name="test_request_recording" time="0.000" /><testcase classname="tests.unit.test_metrics.TestMetrics" name="test_cache_metrics" time="0.001" /><testcase classname="tests.unit.test_metrics.TestMetrics" name="test_error_rate_calculation" time="0.000" /><testcase classname="tests.unit.test_metrics.TestMetrics" name="test_response_time_percentiles" time="0.001" /><testcase classname="tests.unit.test_metrics.TestMetrics" name="test_metrics_reset_behavior" time="0.000" /><testcase classname="tests.unit.test_metrics.TestMetrics" name="test_large_dataset_handling" time="0.002" /><testcase classname="tests.unit.test_metrics.TestMetrics" name="test_concurrent_access" time="0.005" /><testcase classname="tests.unit.test_metrics.TestMetrics" name="test_memory_efficiency" time="0.000" /></testsuite></testsuites>